[debug] [2021-03-04T14:11:16.759Z] ----------------------------------------------------------------------
[debug] [2021-03-04T14:11:16.762Z] Command:       /usr/local/Cellar/node/14.9.0/bin/node /usr/local/bin/firebase deploy
[debug] [2021-03-04T14:11:16.763Z] CLI Version:   9.5.0
[debug] [2021-03-04T14:11:16.763Z] Platform:      darwin
[debug] [2021-03-04T14:11:16.763Z] Node Version:  v14.9.0
[debug] [2021-03-04T14:11:16.764Z] Time:          Thu Mar 04 2021 23:11:16 GMT+0900 (日本標準時)
[debug] [2021-03-04T14:11:16.764Z] ----------------------------------------------------------------------
[debug] [2021-03-04T14:11:16.764Z] 
[debug] [2021-03-04T14:11:16.773Z] > command requires scopes: ["email","openid","https://www.googleapis.com/auth/cloudplatformprojects.readonly","https://www.googleapis.com/auth/firebase","https://www.googleapis.com/auth/cloud-platform"]
[debug] [2021-03-04T14:11:16.774Z] > authorizing via signed-in user
[debug] [2021-03-04T14:11:16.778Z] [iam] checking project voicebook-f2d88 for permissions ["cloudfunctions.functions.create","cloudfunctions.functions.delete","cloudfunctions.functions.get","cloudfunctions.functions.list","cloudfunctions.functions.update","cloudfunctions.operations.get","datastore.indexes.create","datastore.indexes.delete","datastore.indexes.list","datastore.indexes.update","firebase.projects.get","firebasedatabase.instances.update","firebasehosting.sites.update","firebaserules.releases.create","firebaserules.releases.update","firebaserules.rulesets.create"]
[debug] [2021-03-04T14:11:16.781Z] >>> HTTP REQUEST POST https://cloudresourcemanager.googleapis.com/v1/projects/voicebook-f2d88:testIamPermissions  
 {"permissions":["cloudfunctions.functions.create","cloudfunctions.functions.delete","cloudfunctions.functions.get","cloudfunctions.functions.list","cloudfunctions.functions.update","cloudfunctions.operations.get","datastore.indexes.create","datastore.indexes.delete","datastore.indexes.list","datastore.indexes.update","firebase.projects.get","firebasedatabase.instances.update","firebasehosting.sites.update","firebaserules.releases.create","firebaserules.releases.update","firebaserules.rulesets.create"]}
[debug] [2021-03-04T14:11:17.645Z] <<< HTTP RESPONSE 200 {"content-type":"application/json; charset=UTF-8","vary":"X-Origin, Referer, Origin,Accept-Encoding","date":"Thu, 04 Mar 2021 14:11:17 GMT","server":"ESF","cache-control":"private","x-xss-protection":"0","x-frame-options":"SAMEORIGIN","x-content-type-options":"nosniff","server-timing":"gfet4t7; dur=607","alt-svc":"h3-29=\":443\"; ma=2592000,h3-T051=\":443\"; ma=2592000,h3-Q050=\":443\"; ma=2592000,h3-Q046=\":443\"; ma=2592000,h3-Q043=\":443\"; ma=2592000,quic=\":443\"; ma=2592000; v=\"46,43\"","accept-ranges":"none","transfer-encoding":"chunked"}
[debug] [2021-03-04T14:11:17.646Z] >>> HTTP REQUEST POST https://iam.googleapis.com/v1/projects/voicebook-f2d88/serviceAccounts/voicebook-f2d88@appspot.gserviceaccount.com:testIamPermissions  
 {"permissions":["iam.serviceAccounts.actAs"]}
[debug] [2021-03-04T14:11:18.675Z] <<< HTTP RESPONSE 200 {"content-type":"application/json; charset=UTF-8","vary":"X-Origin, Referer, Origin,Accept-Encoding","date":"Thu, 04 Mar 2021 14:11:18 GMT","server":"ESF","cache-control":"private","x-xss-protection":"0","x-frame-options":"SAMEORIGIN","x-content-type-options":"nosniff","alt-svc":"h3-29=\":443\"; ma=2592000,h3-T051=\":443\"; ma=2592000,h3-Q050=\":443\"; ma=2592000,h3-Q046=\":443\"; ma=2592000,h3-Q043=\":443\"; ma=2592000,quic=\":443\"; ma=2592000; v=\"46,43\"","accept-ranges":"none","transfer-encoding":"chunked"}
[debug] [2021-03-04T14:11:18.677Z] > refreshing access token with scopes: []
[debug] [2021-03-04T14:11:18.677Z] >>> HTTP REQUEST POST https://www.googleapis.com/oauth2/v3/token  
 <request body omitted>
[debug] [2021-03-04T14:11:18.893Z] <<< HTTP RESPONSE 200 {"date":"Thu, 04 Mar 2021 14:11:18 GMT","expires":"Mon, 01 Jan 1990 00:00:00 GMT","cache-control":"no-cache, no-store, max-age=0, must-revalidate","pragma":"no-cache","content-type":"application/json; charset=utf-8","vary":"X-Origin, Referer, Origin,Accept-Encoding","server":"scaffolding on HTTPServer2","x-xss-protection":"0","x-frame-options":"SAMEORIGIN","x-content-type-options":"nosniff","alt-svc":"h3-29=\":443\"; ma=2592000,h3-T051=\":443\"; ma=2592000,h3-Q050=\":443\"; ma=2592000,h3-Q046=\":443\"; ma=2592000,h3-Q043=\":443\"; ma=2592000,quic=\":443\"; ma=2592000; v=\"46,43\"","accept-ranges":"none","transfer-encoding":"chunked"}
[debug] [2021-03-04T14:11:18.908Z] >>> [apiv2][query] GET https://firebase.googleapis.com/v1beta1/projects/voicebook-f2d88 [none]
[debug] [2021-03-04T14:11:19.468Z] <<< [apiv2][status] GET https://firebase.googleapis.com/v1beta1/projects/voicebook-f2d88 200
[debug] [2021-03-04T14:11:19.469Z] <<< [apiv2][body] GET https://firebase.googleapis.com/v1beta1/projects/voicebook-f2d88 {"projectId":"voicebook-f2d88","projectNumber":"181792781673","displayName":"VoiceBook","name":"projects/voicebook-f2d88","resources":{"hostingSite":"voicebook-f2d88","realtimeDatabaseInstance":"voicebook-f2d88-default-rtdb","storageBucket":"voicebook-f2d88.appspot.com","locationId":"us-central"},"state":"ACTIVE"}
[debug] [2021-03-04T14:11:19.469Z] >>> [apiv2][query] GET https://firebase.googleapis.com/v1beta1/projects/voicebook-f2d88 [none]
[debug] [2021-03-04T14:11:20.008Z] <<< [apiv2][status] GET https://firebase.googleapis.com/v1beta1/projects/voicebook-f2d88 200
[debug] [2021-03-04T14:11:20.009Z] <<< [apiv2][body] GET https://firebase.googleapis.com/v1beta1/projects/voicebook-f2d88 {"projectId":"voicebook-f2d88","projectNumber":"181792781673","displayName":"VoiceBook","name":"projects/voicebook-f2d88","resources":{"hostingSite":"voicebook-f2d88","realtimeDatabaseInstance":"voicebook-f2d88-default-rtdb","storageBucket":"voicebook-f2d88.appspot.com","locationId":"us-central"},"state":"ACTIVE"}
[info] 
[info] === Deploying to 'voicebook-f2d88'...
[info] 
[info] i  deploying database, storage, firestore, functions, hosting 
[info] Running command: npm --prefix "$RESOURCE_DIR" run lint
[info] Running command: npm --prefix "$RESOURCE_DIR" run build
[info] ✔  functions: Finished running predeploy script. 
[info] i  database: checking rules syntax... 
[debug] [2021-03-04T14:11:29.283Z] > refreshing access token with scopes: ["email","https://www.googleapis.com/auth/cloud-platform","https://www.googleapis.com/auth/cloudplatformprojects.readonly","https://www.googleapis.com/auth/firebase","openid"]
[debug] [2021-03-04T14:11:29.283Z] >>> HTTP REQUEST POST https://www.googleapis.com/oauth2/v3/token  
 <request body omitted>
[debug] [2021-03-04T14:11:29.515Z] <<< HTTP RESPONSE 200 {"cache-control":"no-cache, no-store, max-age=0, must-revalidate","expires":"Mon, 01 Jan 1990 00:00:00 GMT","date":"Thu, 04 Mar 2021 14:11:29 GMT","pragma":"no-cache","content-type":"application/json; charset=utf-8","vary":"X-Origin, Referer, Origin,Accept-Encoding","server":"scaffolding on HTTPServer2","x-xss-protection":"0","x-frame-options":"SAMEORIGIN","x-content-type-options":"nosniff","alt-svc":"h3-29=\":443\"; ma=2592000,h3-T051=\":443\"; ma=2592000,h3-Q050=\":443\"; ma=2592000,h3-Q046=\":443\"; ma=2592000,h3-Q043=\":443\"; ma=2592000,quic=\":443\"; ma=2592000; v=\"46,43\"","accept-ranges":"none","transfer-encoding":"chunked"}
[debug] [2021-03-04T14:11:29.528Z] >>> HTTP REQUEST GET https://firebasedatabase.googleapis.com/v1beta/projects/voicebook-f2d88/locations/-/instances/voicebook-f2d88-default-rtdb  
 
[debug] [2021-03-04T14:11:30.331Z] <<< HTTP RESPONSE 200 {"content-type":"application/json; charset=UTF-8","vary":"X-Origin, Referer, Origin,Accept-Encoding","date":"Thu, 04 Mar 2021 14:11:30 GMT","server":"ESF","cache-control":"private","x-xss-protection":"0","x-frame-options":"SAMEORIGIN","x-content-type-options":"nosniff","alt-svc":"h3-29=\":443\"; ma=2592000,h3-T051=\":443\"; ma=2592000,h3-Q050=\":443\"; ma=2592000,h3-Q046=\":443\"; ma=2592000,h3-Q043=\":443\"; ma=2592000,quic=\":443\"; ma=2592000; v=\"46,43\"","accept-ranges":"none","transfer-encoding":"chunked"}
[debug] [2021-03-04T14:11:30.333Z] >>> HTTP REQUEST PUT https://voicebook-f2d88-default-rtdb.firebaseio.com/.settings/rules.json?dryRun=true  
 {
  /* Visit https://firebase.google.com/docs/database/security to learn more about security rules. */
  "rules": {
    ".read": false,
    ".write": false
  }
}
[debug] [2021-03-04T14:11:30.953Z] <<< HTTP RESPONSE 200 {"server":"nginx","date":"Thu, 04 Mar 2021 14:11:30 GMT","content-type":"application/json; charset=utf-8","content-length":"15","connection":"keep-alive","access-control-allow-origin":"*","cache-control":"no-cache","strict-transport-security":"max-age=31556926; includeSubDomains; preload"}
[info] ✔  database: rules syntax for database voicebook-f2d88-default-rtdb is valid 
[debug] [2021-03-04T14:11:30.954Z] >>> HTTP REQUEST GET https://appengine.googleapis.com/v1/apps/voicebook-f2d88  
 
[debug] [2021-03-04T14:11:31.523Z] <<< HTTP RESPONSE 200 {"content-type":"application/json; charset=UTF-8","vary":"X-Origin, Referer, Origin,Accept-Encoding","date":"Thu, 04 Mar 2021 14:11:31 GMT","server":"ESF","cache-control":"private","x-xss-protection":"0","x-frame-options":"SAMEORIGIN","x-content-type-options":"nosniff","alt-svc":"h3-29=\":443\"; ma=2592000,h3-T051=\":443\"; ma=2592000,h3-Q050=\":443\"; ma=2592000,h3-Q046=\":443\"; ma=2592000,h3-Q043=\":443\"; ma=2592000,quic=\":443\"; ma=2592000; v=\"46,43\"","accept-ranges":"none","transfer-encoding":"chunked"}
[info] i  firebase.storage: checking storage.rules for compilation errors... 
[debug] [2021-03-04T14:11:31.525Z] >>> HTTP REQUEST POST https://firebaserules.googleapis.com/v1/projects/voicebook-f2d88:test  
 {"source":{"files":[{"name":"storage.rules","content":"rules_version = '2';\nservice firebase.storage {\n  match /b/{bucket}/o {\n    match /{allPaths=**} {\n      allow read;\n      allow write: if request.auth!=null;\n    }\n  }\n}\n"}]}}
[debug] [2021-03-04T14:11:32.635Z] <<< HTTP RESPONSE 200 {"content-type":"application/json; charset=UTF-8","vary":"X-Origin, Referer, Origin,Accept-Encoding","date":"Thu, 04 Mar 2021 14:11:32 GMT","server":"ESF","cache-control":"private","x-xss-protection":"0","x-frame-options":"SAMEORIGIN","x-content-type-options":"nosniff","alt-svc":"h3-29=\":443\"; ma=2592000,h3-T051=\":443\"; ma=2592000,h3-Q050=\":443\"; ma=2592000,h3-Q046=\":443\"; ma=2592000,h3-Q043=\":443\"; ma=2592000,quic=\":443\"; ma=2592000; v=\"46,43\"","accept-ranges":"none","transfer-encoding":"chunked"}
[info] ✔  firebase.storage: rules file storage.rules compiled successfully 
[info] i  firestore: reading indexes from firestore.indexes.json... 
[info] i  cloud.firestore: checking firestore.rules for compilation errors... 
[debug] [2021-03-04T14:11:32.640Z] >>> HTTP REQUEST POST https://firebaserules.googleapis.com/v1/projects/voicebook-f2d88:test  
 {"source":{"files":[{"name":"firestore.rules","content":"rules_version = '2';\nservice cloud.firestore {\n  match /databases/{database}/documents {\n    match /{document=**} {\n    \tallow read;\n      allow write: if request.auth != null;\n    }\n  }\n}\n"}]}}
[debug] [2021-03-04T14:11:33.832Z] <<< HTTP RESPONSE 200 {"content-type":"application/json; charset=UTF-8","vary":"X-Origin, Referer, Origin,Accept-Encoding","date":"Thu, 04 Mar 2021 14:11:33 GMT","server":"ESF","cache-control":"private","x-xss-protection":"0","x-frame-options":"SAMEORIGIN","x-content-type-options":"nosniff","alt-svc":"h3-29=\":443\"; ma=2592000,h3-T051=\":443\"; ma=2592000,h3-Q050=\":443\"; ma=2592000,h3-Q046=\":443\"; ma=2592000,h3-Q043=\":443\"; ma=2592000,quic=\":443\"; ma=2592000; v=\"46,43\"","accept-ranges":"none","transfer-encoding":"chunked"}
[info] ✔  cloud.firestore: rules file firestore.rules compiled successfully 
[info] i  functions: ensuring required API cloudfunctions.googleapis.com is enabled... 
[info] i  functions: ensuring required API cloudbuild.googleapis.com is enabled... 
[debug] [2021-03-04T14:11:35.213Z] >>> HTTP REQUEST GET https://serviceusage.googleapis.com/v1/projects/voicebook-f2d88/services/cloudfunctions.googleapis.com  
 
[debug] [2021-03-04T14:11:35.214Z] >>> HTTP REQUEST GET https://serviceusage.googleapis.com/v1/projects/voicebook-f2d88/services/runtimeconfig.googleapis.com  
 
[debug] [2021-03-04T14:11:35.214Z] >>> HTTP REQUEST GET https://serviceusage.googleapis.com/v1/projects/voicebook-f2d88/services/cloudbuild.googleapis.com  
 
[debug] [2021-03-04T14:11:36.495Z] <<< HTTP RESPONSE 200 {"content-type":"application/json; charset=UTF-8","vary":"X-Origin, Referer, Origin,Accept-Encoding","date":"Thu, 04 Mar 2021 14:11:36 GMT","server":"ESF","cache-control":"private","x-xss-protection":"0","x-frame-options":"SAMEORIGIN","x-content-type-options":"nosniff","alt-svc":"h3-29=\":443\"; ma=2592000,h3-T051=\":443\"; ma=2592000,h3-Q050=\":443\"; ma=2592000,h3-Q046=\":443\"; ma=2592000,h3-Q043=\":443\"; ma=2592000,quic=\":443\"; ma=2592000; v=\"46,43\"","accept-ranges":"none","transfer-encoding":"chunked"}
[debug] [2021-03-04T14:11:36.539Z] <<< HTTP RESPONSE 200 {"content-type":"application/json; charset=UTF-8","vary":"X-Origin, Referer, Origin,Accept-Encoding","date":"Thu, 04 Mar 2021 14:11:36 GMT","server":"ESF","cache-control":"private","x-xss-protection":"0","x-frame-options":"SAMEORIGIN","x-content-type-options":"nosniff","alt-svc":"h3-29=\":443\"; ma=2592000,h3-T051=\":443\"; ma=2592000,h3-Q050=\":443\"; ma=2592000,h3-Q046=\":443\"; ma=2592000,h3-Q043=\":443\"; ma=2592000,quic=\":443\"; ma=2592000; v=\"46,43\"","accept-ranges":"none","transfer-encoding":"chunked"}
[info] ✔  functions: required API cloudbuild.googleapis.com is enabled 
[debug] [2021-03-04T14:11:36.575Z] <<< HTTP RESPONSE 200 {"content-type":"application/json; charset=UTF-8","vary":"X-Origin, Referer, Origin,Accept-Encoding","date":"Thu, 04 Mar 2021 14:11:36 GMT","server":"ESF","cache-control":"private","x-xss-protection":"0","x-frame-options":"SAMEORIGIN","x-content-type-options":"nosniff","alt-svc":"h3-29=\":443\"; ma=2592000,h3-T051=\":443\"; ma=2592000,h3-Q050=\":443\"; ma=2592000,h3-Q046=\":443\"; ma=2592000,h3-Q043=\":443\"; ma=2592000,quic=\":443\"; ma=2592000; v=\"46,43\"","accept-ranges":"none","transfer-encoding":"chunked"}
[info] ✔  functions: required API cloudfunctions.googleapis.com is enabled 
[debug] [2021-03-04T14:11:36.576Z] >>> HTTP REQUEST GET https://firebase.googleapis.com/v1beta1/projects/voicebook-f2d88/adminSdkConfig  
 
[debug] [2021-03-04T14:11:37.722Z] <<< HTTP RESPONSE 200 {"content-type":"application/json; charset=UTF-8","vary":"X-Origin, Referer, Origin,Accept-Encoding","date":"Thu, 04 Mar 2021 14:11:37 GMT","server":"ESF","cache-control":"private","x-xss-protection":"0","x-frame-options":"SAMEORIGIN","x-content-type-options":"nosniff","alt-svc":"h3-29=\":443\"; ma=2592000,h3-T051=\":443\"; ma=2592000,h3-Q050=\":443\"; ma=2592000,h3-Q046=\":443\"; ma=2592000,h3-Q043=\":443\"; ma=2592000,quic=\":443\"; ma=2592000; v=\"46,43\"","accept-ranges":"none","transfer-encoding":"chunked"}
[info] i  functions: preparing functions directory for uploading... 
[debug] [2021-03-04T14:11:37.724Z] >>> HTTP REQUEST GET https://runtimeconfig.googleapis.com/v1beta1/projects/voicebook-f2d88/configs  
 
[debug] [2021-03-04T14:11:38.336Z] <<< HTTP RESPONSE 200 {"content-type":"application/json; charset=UTF-8","vary":"X-Origin, Referer, Origin,Accept-Encoding","date":"Thu, 04 Mar 2021 14:11:38 GMT","server":"ESF","cache-control":"private","x-xss-protection":"0","x-frame-options":"SAMEORIGIN","x-content-type-options":"nosniff","alt-svc":"h3-29=\":443\"; ma=2592000,h3-T051=\":443\"; ma=2592000,h3-Q050=\":443\"; ma=2592000,h3-Q046=\":443\"; ma=2592000,h3-Q043=\":443\"; ma=2592000,quic=\":443\"; ma=2592000; v=\"46,43\"","accept-ranges":"none","transfer-encoding":"chunked"}
[info] i  functions: packaged functions (45.56 KB) for uploading 
[debug] [2021-03-04T14:11:38.789Z] > [functions] package.json contents: {
  "name": "functions",
  "scripts": {
    "lint": "eslint --ext .js,.ts .",
    "build": "tsc",
    "serve": "npm run build && firebase emulators:start --only functions",
    "shell": "npm run build && firebase functions:shell",
    "start": "npm run shell",
    "deploy": "firebase deploy --only functions",
    "logs": "firebase functions:log"
  },
  "engines": {
    "node": "12"
  },
  "main": "lib/index.js",
  "dependencies": {
    "firebase-admin": "^9.2.0",
    "firebase-functions": "^3.11.0"
  },
  "devDependencies": {
    "@typescript-eslint/eslint-plugin": "^3.9.1",
    "@typescript-eslint/parser": "^3.8.0",
    "eslint": "^7.6.0",
    "eslint-config-google": "^0.14.0",
    "eslint-plugin-import": "^2.22.0",
    "firebase-functions-test": "^0.2.0",
    "typescript": "^3.8.0"
  },
  "private": true
}
[debug] [2021-03-04T14:11:38.791Z] >>> HTTP REQUEST POST https://firebasehosting.googleapis.com/v1beta1/sites/voicebook-f2d88/versions  
 {"config":{"rewrites":[{"glob":"/twpage/**","function":"stockpage"},{"glob":"**","path":"/index.html"}]},"labels":{"deployment-tool":"cli-firebase"}}
[debug] [2021-03-04T14:11:40.078Z] <<< HTTP RESPONSE 200 {"content-type":"application/json; charset=UTF-8","vary":"X-Origin, Referer, Origin,Accept-Encoding","date":"Thu, 04 Mar 2021 14:11:39 GMT","server":"ESF","cache-control":"private","x-xss-protection":"0","x-frame-options":"SAMEORIGIN","x-content-type-options":"nosniff","alt-svc":"h3-29=\":443\"; ma=2592000,h3-T051=\":443\"; ma=2592000,h3-Q050=\":443\"; ma=2592000,h3-Q046=\":443\"; ma=2592000,h3-Q043=\":443\"; ma=2592000,quic=\":443\"; ma=2592000; v=\"46,43\"","accept-ranges":"none","transfer-encoding":"chunked"}
[debug] [2021-03-04T14:11:40.080Z] >>> HTTP REQUEST GET https://firebaserules.googleapis.com/v1/projects/voicebook-f2d88/releases?pageSize=10&pageToken=  
 
[debug] [2021-03-04T14:11:41.510Z] <<< HTTP RESPONSE 200 {"content-type":"application/json; charset=UTF-8","vary":"X-Origin, Referer, Origin,Accept-Encoding","date":"Thu, 04 Mar 2021 14:11:41 GMT","server":"ESF","cache-control":"private","x-xss-protection":"0","x-frame-options":"SAMEORIGIN","x-content-type-options":"nosniff","alt-svc":"h3-29=\":443\"; ma=2592000,h3-T051=\":443\"; ma=2592000,h3-Q050=\":443\"; ma=2592000,h3-Q046=\":443\"; ma=2592000,h3-Q043=\":443\"; ma=2592000,quic=\":443\"; ma=2592000; v=\"46,43\"","accept-ranges":"none","transfer-encoding":"chunked"}
[debug] [2021-03-04T14:11:41.511Z] >>> HTTP REQUEST GET https://firebaserules.googleapis.com/v1/projects/voicebook-f2d88/rulesets/1dd582bb-5175-43d6-903e-356a8f84f5f6  
 
[debug] [2021-03-04T14:11:42.630Z] <<< HTTP RESPONSE 200 {"content-type":"application/json; charset=UTF-8","vary":"X-Origin, Referer, Origin,Accept-Encoding","date":"Thu, 04 Mar 2021 14:11:42 GMT","server":"ESF","cache-control":"private","x-xss-protection":"0","x-frame-options":"SAMEORIGIN","x-content-type-options":"nosniff","alt-svc":"h3-29=\":443\"; ma=2592000,h3-T051=\":443\"; ma=2592000,h3-Q050=\":443\"; ma=2592000,h3-Q046=\":443\"; ma=2592000,h3-Q043=\":443\"; ma=2592000,quic=\":443\"; ma=2592000; v=\"46,43\"","accept-ranges":"none","transfer-encoding":"chunked"}
[info] i  storage: latest version of storage.rules already up to date, skipping upload... 
[debug] [2021-03-04T14:11:42.632Z] >>> HTTP REQUEST GET https://firebaserules.googleapis.com/v1/projects/voicebook-f2d88/releases?pageSize=10&pageToken=  
 
[debug] [2021-03-04T14:11:42.633Z] >>> HTTP REQUEST GET https://firestore.googleapis.com/v1/projects/voicebook-f2d88/databases/(default)/collectionGroups/-/indexes  
 
[debug] [2021-03-04T14:11:43.763Z] <<< HTTP RESPONSE 200 {"content-type":"application/json; charset=UTF-8","vary":"X-Origin, Referer, Origin,Accept-Encoding","date":"Thu, 04 Mar 2021 14:11:43 GMT","server":"ESF","cache-control":"private","x-xss-protection":"0","x-frame-options":"SAMEORIGIN","x-content-type-options":"nosniff","alt-svc":"h3-29=\":443\"; ma=2592000,h3-T051=\":443\"; ma=2592000,h3-Q050=\":443\"; ma=2592000,h3-Q046=\":443\"; ma=2592000,h3-Q043=\":443\"; ma=2592000,quic=\":443\"; ma=2592000; v=\"46,43\"","accept-ranges":"none","transfer-encoding":"chunked"}
[debug] [2021-03-04T14:11:43.764Z] >>> HTTP REQUEST GET https://firestore.googleapis.com/v1/projects/voicebook-f2d88/databases/(default)/collectionGroups/-/fields?filter=indexConfig.usesAncestorConfig=false  
 
[debug] [2021-03-04T14:11:43.789Z] <<< HTTP RESPONSE 200 {"content-type":"application/json; charset=UTF-8","vary":"X-Origin, Referer, Origin,Accept-Encoding","date":"Thu, 04 Mar 2021 14:11:43 GMT","server":"ESF","cache-control":"private","x-xss-protection":"0","x-frame-options":"SAMEORIGIN","x-content-type-options":"nosniff","alt-svc":"h3-29=\":443\"; ma=2592000,h3-T051=\":443\"; ma=2592000,h3-Q050=\":443\"; ma=2592000,h3-Q046=\":443\"; ma=2592000,h3-Q043=\":443\"; ma=2592000,quic=\":443\"; ma=2592000; v=\"46,43\"","accept-ranges":"none","transfer-encoding":"chunked"}
[debug] [2021-03-04T14:11:43.793Z] >>> HTTP REQUEST GET https://firebaserules.googleapis.com/v1/projects/voicebook-f2d88/rulesets/d4ff409e-af2d-4a25-ae70-993d6a55b76d  
 
[debug] [2021-03-04T14:11:44.787Z] <<< HTTP RESPONSE 200 {"content-type":"application/json; charset=UTF-8","vary":"X-Origin, Referer, Origin,Accept-Encoding","date":"Thu, 04 Mar 2021 14:11:44 GMT","server":"ESF","cache-control":"private","x-xss-protection":"0","x-frame-options":"SAMEORIGIN","x-content-type-options":"nosniff","alt-svc":"h3-29=\":443\"; ma=2592000,h3-T051=\":443\"; ma=2592000,h3-Q050=\":443\"; ma=2592000,h3-Q046=\":443\"; ma=2592000,h3-Q043=\":443\"; ma=2592000,quic=\":443\"; ma=2592000; v=\"46,43\"","accept-ranges":"none","transfer-encoding":"chunked"}
[info] ✔  firestore: deployed indexes in firestore.indexes.json successfully 
[debug] [2021-03-04T14:11:44.896Z] <<< HTTP RESPONSE 200 {"content-type":"application/json; charset=UTF-8","vary":"X-Origin, Referer, Origin,Accept-Encoding","date":"Thu, 04 Mar 2021 14:11:44 GMT","server":"ESF","cache-control":"private","x-xss-protection":"0","x-frame-options":"SAMEORIGIN","x-content-type-options":"nosniff","alt-svc":"h3-29=\":443\"; ma=2592000,h3-T051=\":443\"; ma=2592000,h3-Q050=\":443\"; ma=2592000,h3-Q046=\":443\"; ma=2592000,h3-Q043=\":443\"; ma=2592000,quic=\":443\"; ma=2592000; v=\"46,43\"","accept-ranges":"none","transfer-encoding":"chunked"}
[info] i  firestore: latest version of firestore.rules already up to date, skipping upload... 
[debug] [2021-03-04T14:11:44.898Z] >>> HTTP REQUEST GET https://cloudfunctions.googleapis.com/v1/projects/voicebook-f2d88/locations/-/functions  
 
[debug] [2021-03-04T14:11:46.119Z] <<< HTTP RESPONSE 200 {"content-type":"application/json; charset=UTF-8","vary":"X-Origin, Referer, Origin,Accept-Encoding","date":"Thu, 04 Mar 2021 14:11:45 GMT","server":"ESF","cache-control":"private","x-xss-protection":"0","x-frame-options":"SAMEORIGIN","x-content-type-options":"nosniff","alt-svc":"h3-29=\":443\"; ma=2592000,h3-T051=\":443\"; ma=2592000,h3-Q050=\":443\"; ma=2592000,h3-Q046=\":443\"; ma=2592000,h3-Q043=\":443\"; ma=2592000,quic=\":443\"; ma=2592000; v=\"46,43\"","accept-ranges":"none","transfer-encoding":"chunked"}
[debug] [2021-03-04T14:11:46.120Z] >>> HTTP REQUEST POST https://cloudfunctions.googleapis.com/v1/projects/voicebook-f2d88/locations/us-central1/functions:generateUploadUrl  
 
[debug] [2021-03-04T14:11:47.143Z] <<< HTTP RESPONSE 200 {"content-type":"application/json; charset=UTF-8","vary":"X-Origin, Referer, Origin,Accept-Encoding","date":"Thu, 04 Mar 2021 14:11:46 GMT","server":"ESF","cache-control":"private","x-xss-protection":"0","x-frame-options":"SAMEORIGIN","x-content-type-options":"nosniff","alt-svc":"h3-29=\":443\"; ma=2592000,h3-T051=\":443\"; ma=2592000,h3-Q050=\":443\"; ma=2592000,h3-Q046=\":443\"; ma=2592000,h3-Q043=\":443\"; ma=2592000,quic=\":443\"; ma=2592000; v=\"46,43\"","accept-ranges":"none","transfer-encoding":"chunked"}
[debug] [2021-03-04T14:11:47.143Z] >>> HTTP REQUEST PUT https://storage.googleapis.com/gcf-upload-us-central1-23a22fc9-a256-477b-b3b9-33ec7c324e6c/f5d63753-b2f5-4d60-a772-2aa686ee5443.zip?GoogleAccessId=service-181792781673@gcf-admin-robot.iam.gserviceaccount.com&Expires=1614868906&Signature=UHrfFvnJ2rI44rYPxteeYjYvUb4HT%2BI7K417aTN6OcUF8gk%2FiiUEmVE0BuQZC%2FgbPK93dA3zJR3QQ3UGa9h8paNYOwF0AqtTMfRu%2BT0nrm86BImTGVo39%2FQayxug9XPno93VxGk9TcO8A8DAxZIyd9tFVH0SNSA3TpmjIdjJ%2FylNmMV976UUKaQxVMZpuGDKh%2FQdR3C8yealD%2FSI%2F6mQrlcaaxH64G2O4UMQGIUl%2FTLvAov7sScpiOhv4MPTC7HcvcFgTSmLdBThL1UJi0RPG6u9SM5l%2Bkpqk1OdYQR6NC6zFVbc2zlAjIWBqvk%2B0RZroiunSEgRTxMcfzQ7dblwzw%3D%3D  
 <request body omitted>
[debug] [2021-03-04T14:11:47.920Z] <<< HTTP RESPONSE 200 {"x-guploader-uploadid":"ABg5-Ux4SgDDFyAYHpl_sCEsjvdPBmryJ0rmxCeX_DTHF56TUrnxE5gQv5lfPz8I-WWDlZrdJaSqMssRz9ZQCogDDs8","etag":"\"cd0ca9c54a93f4a29001f695a64bf256\"","x-goog-generation":"1614867107837630","x-goog-metageneration":"1","x-goog-hash":"crc32c=cPeN6Q==, md5=zQypxUqT9KKQAfaVpkvyVg==","x-goog-stored-content-length":"46656","x-goog-stored-content-encoding":"identity","vary":"Origin","content-length":"0","date":"Thu, 04 Mar 2021 14:11:47 GMT","server":"UploadServer","content-type":"text/html; charset=UTF-8","alt-svc":"h3-29=\":443\"; ma=2592000,h3-T051=\":443\"; ma=2592000,h3-Q050=\":443\"; ma=2592000,h3-Q046=\":443\"; ma=2592000,h3-Q043=\":443\"; ma=2592000,quic=\":443\"; ma=2592000; v=\"46,43\""}
[info] ✔  functions: functions folder uploaded successfully 
[info] i  hosting[voicebook-f2d88]: beginning deploy... 
[info] i  hosting[voicebook-f2d88]: found 10 files in dist 
[debug] [2021-03-04T14:11:49.044Z] > refreshing access token with scopes: []
[debug] [2021-03-04T14:11:49.045Z] >>> HTTP REQUEST POST https://www.googleapis.com/oauth2/v3/token  
 <request body omitted>
[debug] [2021-03-04T14:11:49.047Z] [hosting] hash cache [ZGlzdA] stored for 10 files
[debug] [2021-03-04T14:11:49.048Z] [hosting][hash queue][FINAL] {"max":1109,"min":13,"avg":153,"active":0,"complete":10,"success":10,"errored":0,"retried":0,"total":10,"elapsed":1117}
[debug] [2021-03-04T14:11:49.280Z] <<< HTTP RESPONSE 200 {"pragma":"no-cache","cache-control":"no-cache, no-store, max-age=0, must-revalidate","expires":"Mon, 01 Jan 1990 00:00:00 GMT","date":"Thu, 04 Mar 2021 14:11:49 GMT","content-type":"application/json; charset=utf-8","vary":"X-Origin, Referer, Origin,Accept-Encoding","server":"scaffolding on HTTPServer2","x-xss-protection":"0","x-frame-options":"SAMEORIGIN","x-content-type-options":"nosniff","alt-svc":"h3-29=\":443\"; ma=2592000,h3-T051=\":443\"; ma=2592000,h3-Q050=\":443\"; ma=2592000,h3-Q046=\":443\"; ma=2592000,h3-Q043=\":443\"; ma=2592000,quic=\":443\"; ma=2592000; v=\"46,43\"","accept-ranges":"none","transfer-encoding":"chunked"}
[debug] [2021-03-04T14:11:49.296Z] >>> [apiv2][query] POST https://firebasehosting.googleapis.com/v1beta1/sites/voicebook-f2d88/versions/a49ea99626912a4a:populateFiles [none]
[debug] [2021-03-04T14:11:49.296Z] >>> [apiv2][body] POST https://firebasehosting.googleapis.com/v1beta1/sites/voicebook-f2d88/versions/a49ea99626912a4a:populateFiles {"files":{"/404.html":"05cbc6f94d7a69ce2e29646eab13be2c884e61ba93e3094df5028866876d18b3","/index.html":"b3c0c889ea6773e52bb4f3f48c820fff02d8c0eb4fe4882c6efb9cb6b6bfa8c6","/css/app.62830af4.css":"f62eef02334f7eaafa8ee6f9ceba74fa779d1bbae1f1b4ede7f99866f2931212","/favicon.ico":"1e71457865f706dc865b49a54a86e193818220d290b30226b6630a42faf1535d","/js/app.c2d4def3.js":"e43ce3acd3f04b2eef2125e07cf47a2fd5178932e918f89a633ca1760d172ef6","/img/cat-5496162_640.9f54ebe4.jpg":"8acaf32ad6c8939d57e2d309e5ee7d657f098adc12aefc747c43c1ff446583c9","/js/app.c2d4def3.js.map":"e6868ba5f3eb272ace0a959e36fbbbe2b600d42473df20ea2b2fab63578286a9","/css/chunk-vendors.af655896.css":"341b13171abfd66ec7432b1c2abe29bf405c7a86bef5bec9c2cde4a58eb825b7","/js/chunk-vendors.0147bc8d.js":"762dab1295b68e0e372d3a30b0e9c83416e08f45b7736e58d7a07f910640156e","/js/chunk-vendors.0147bc8d.js.map":"7b41484ae7d07de5ff8d66b5624e541303200b329f3517cc1d2a0ce6d8ecf9d5"}}
[debug] [2021-03-04T14:11:50.422Z] <<< [apiv2][status] POST https://firebasehosting.googleapis.com/v1beta1/sites/voicebook-f2d88/versions/a49ea99626912a4a:populateFiles 200
[debug] [2021-03-04T14:11:50.422Z] <<< [apiv2][body] POST https://firebasehosting.googleapis.com/v1beta1/sites/voicebook-f2d88/versions/a49ea99626912a4a:populateFiles {"uploadUrl":"https://upload-firebasehosting.googleapis.com/upload/sites/voicebook-f2d88/versions/a49ea99626912a4a/files"}
[debug] [2021-03-04T14:11:50.423Z] [hosting][populate queue][FINAL] {"max":1379,"min":1379,"avg":1379,"active":0,"complete":1,"success":1,"errored":0,"retried":0,"total":1,"elapsed":1379}
[debug] [2021-03-04T14:11:50.423Z] [hosting] uploads queued: 0
[debug] [2021-03-04T14:11:50.423Z] [hosting][upload queue][FINAL] {"max":0,"min":9999999999,"avg":0,"active":0,"complete":0,"success":0,"errored":0,"retried":0,"total":0,"elapsed":1614867110423}
[info] ✔  hosting[voicebook-f2d88]: file upload complete 
[debug] [2021-03-04T14:11:50.423Z] [hosting] deploy completed after 2501ms
[info] i  database: releasing rules... 
[debug] [2021-03-04T14:11:50.641Z] > refreshing access token with scopes: ["email","https://www.googleapis.com/auth/cloud-platform","https://www.googleapis.com/auth/cloudplatformprojects.readonly","https://www.googleapis.com/auth/firebase","openid"]
[debug] [2021-03-04T14:11:50.641Z] >>> HTTP REQUEST POST https://www.googleapis.com/oauth2/v3/token  
 <request body omitted>
[debug] [2021-03-04T14:11:50.900Z] <<< HTTP RESPONSE 200 {"pragma":"no-cache","date":"Thu, 04 Mar 2021 14:11:50 GMT","expires":"Mon, 01 Jan 1990 00:00:00 GMT","cache-control":"no-cache, no-store, max-age=0, must-revalidate","content-type":"application/json; charset=utf-8","vary":"X-Origin, Referer, Origin,Accept-Encoding","server":"scaffolding on HTTPServer2","x-xss-protection":"0","x-frame-options":"SAMEORIGIN","x-content-type-options":"nosniff","alt-svc":"h3-29=\":443\"; ma=2592000,h3-T051=\":443\"; ma=2592000,h3-Q050=\":443\"; ma=2592000,h3-Q046=\":443\"; ma=2592000,h3-Q043=\":443\"; ma=2592000,quic=\":443\"; ma=2592000; v=\"46,43\"","accept-ranges":"none","transfer-encoding":"chunked"}
[debug] [2021-03-04T14:11:50.918Z] >>> HTTP REQUEST GET https://firebasedatabase.googleapis.com/v1beta/projects/voicebook-f2d88/locations/-/instances/voicebook-f2d88-default-rtdb  
 
[debug] [2021-03-04T14:11:51.758Z] <<< HTTP RESPONSE 200 {"content-type":"application/json; charset=UTF-8","vary":"X-Origin, Referer, Origin,Accept-Encoding","date":"Thu, 04 Mar 2021 14:11:51 GMT","server":"ESF","cache-control":"private","x-xss-protection":"0","x-frame-options":"SAMEORIGIN","x-content-type-options":"nosniff","alt-svc":"h3-29=\":443\"; ma=2592000,h3-T051=\":443\"; ma=2592000,h3-Q050=\":443\"; ma=2592000,h3-Q046=\":443\"; ma=2592000,h3-Q043=\":443\"; ma=2592000,quic=\":443\"; ma=2592000; v=\"46,43\"","accept-ranges":"none","transfer-encoding":"chunked"}
[debug] [2021-03-04T14:11:51.759Z] >>> HTTP REQUEST PUT https://voicebook-f2d88-default-rtdb.firebaseio.com/.settings/rules.json  
 {
  /* Visit https://firebase.google.com/docs/database/security to learn more about security rules. */
  "rules": {
    ".read": false,
    ".write": false
  }
}
[debug] [2021-03-04T14:11:52.466Z] <<< HTTP RESPONSE 200 {"server":"nginx","date":"Thu, 04 Mar 2021 14:11:52 GMT","content-type":"application/json; charset=utf-8","content-length":"15","connection":"keep-alive","access-control-allow-origin":"*","cache-control":"no-cache","strict-transport-security":"max-age=31556926; includeSubDomains; preload"}
[info] ✔  database: rules for database voicebook-f2d88-default-rtdb released successfully 
[debug] [2021-03-04T14:11:52.467Z] [rules] releasing firebase.storage/voicebook-f2d88.appspot.com with ruleset projects/voicebook-f2d88/rulesets/1dd582bb-5175-43d6-903e-356a8f84f5f6
[debug] [2021-03-04T14:11:52.468Z] >>> HTTP REQUEST PATCH https://firebaserules.googleapis.com/v1/projects/voicebook-f2d88/releases/firebase.storage/voicebook-f2d88.appspot.com  
 {"release":{"name":"projects/voicebook-f2d88/releases/firebase.storage/voicebook-f2d88.appspot.com","rulesetName":"projects/voicebook-f2d88/rulesets/1dd582bb-5175-43d6-903e-356a8f84f5f6"}}
[debug] [2021-03-04T14:11:53.696Z] <<< HTTP RESPONSE 200 {"content-type":"application/json; charset=UTF-8","vary":"X-Origin, Referer, Origin,Accept-Encoding","date":"Thu, 04 Mar 2021 14:11:53 GMT","server":"ESF","cache-control":"private","x-xss-protection":"0","x-frame-options":"SAMEORIGIN","x-content-type-options":"nosniff","alt-svc":"h3-29=\":443\"; ma=2592000,h3-T051=\":443\"; ma=2592000,h3-Q050=\":443\"; ma=2592000,h3-Q046=\":443\"; ma=2592000,h3-Q043=\":443\"; ma=2592000,quic=\":443\"; ma=2592000; v=\"46,43\"","accept-ranges":"none","transfer-encoding":"chunked"}
[debug] [2021-03-04T14:11:53.696Z] [rules] updated release projects/voicebook-f2d88/releases/firebase.storage/voicebook-f2d88.appspot.com
[info] ✔  storage: released rules storage.rules to firebase.storage 
[debug] [2021-03-04T14:11:53.697Z] [rules] releasing cloud.firestore with ruleset projects/voicebook-f2d88/rulesets/d4ff409e-af2d-4a25-ae70-993d6a55b76d
[debug] [2021-03-04T14:11:53.697Z] >>> HTTP REQUEST PATCH https://firebaserules.googleapis.com/v1/projects/voicebook-f2d88/releases/cloud.firestore  
 {"release":{"name":"projects/voicebook-f2d88/releases/cloud.firestore","rulesetName":"projects/voicebook-f2d88/rulesets/d4ff409e-af2d-4a25-ae70-993d6a55b76d"}}
[debug] [2021-03-04T14:11:55.027Z] <<< HTTP RESPONSE 200 {"content-type":"application/json; charset=UTF-8","vary":"X-Origin, Referer, Origin,Accept-Encoding","date":"Thu, 04 Mar 2021 14:11:54 GMT","server":"ESF","cache-control":"private","x-xss-protection":"0","x-frame-options":"SAMEORIGIN","x-content-type-options":"nosniff","alt-svc":"h3-29=\":443\"; ma=2592000,h3-T051=\":443\"; ma=2592000,h3-Q050=\":443\"; ma=2592000,h3-Q046=\":443\"; ma=2592000,h3-Q043=\":443\"; ma=2592000,quic=\":443\"; ma=2592000; v=\"46,43\"","accept-ranges":"none","transfer-encoding":"chunked"}
[debug] [2021-03-04T14:11:55.027Z] [rules] updated release projects/voicebook-f2d88/releases/cloud.firestore
[info] ✔  firestore: released rules firestore.rules to cloud.firestore 
[info] i  functions: updating Node.js 12 function stockpage(us-central1)... 
[debug] [2021-03-04T14:11:55.030Z] >>> HTTP REQUEST PATCH https://cloudfunctions.googleapis.com/v1/projects/voicebook-f2d88/locations/us-central1/functions/stockpage {"updateMask":"sourceUploadUrl,name,labels,runtime,environmentVariables,httpsTrigger"} 
 {"sourceUploadUrl":"https://storage.googleapis.com/gcf-upload-us-central1-23a22fc9-a256-477b-b3b9-33ec7c324e6c/f5d63753-b2f5-4d60-a772-2aa686ee5443.zip?GoogleAccessId=service-181792781673@gcf-admin-robot.iam.gserviceaccount.com&Expires=1614868906&Signature=UHrfFvnJ2rI44rYPxteeYjYvUb4HT%2BI7K417aTN6OcUF8gk%2FiiUEmVE0BuQZC%2FgbPK93dA3zJR3QQ3UGa9h8paNYOwF0AqtTMfRu%2BT0nrm86BImTGVo39%2FQayxug9XPno93VxGk9TcO8A8DAxZIyd9tFVH0SNSA3TpmjIdjJ%2FylNmMV976UUKaQxVMZpuGDKh%2FQdR3C8yealD%2FSI%2F6mQrlcaaxH64G2O4UMQGIUl%2FTLvAov7sScpiOhv4MPTC7HcvcFgTSmLdBThL1UJi0RPG6u9SM5l%2Bkpqk1OdYQR6NC6zFVbc2zlAjIWBqvk%2B0RZroiunSEgRTxMcfzQ7dblwzw%3D%3D","name":"projects/voicebook-f2d88/locations/us-central1/functions/stockpage","labels":{"deployment-tool":"cli-firebase"},"httpsTrigger":{},"runtime":"nodejs12","environmentVariables":{"FIREBASE_CONFIG":"{\"projectId\":\"voicebook-f2d88\",\"databaseURL\":\"https://voicebook-f2d88-default-rtdb.firebaseio.com\",\"storageBucket\":\"voicebook-f2d88.appspot.com\",\"locationId\":\"us-central\"}"}}
[debug] [2021-03-04T14:11:55.745Z] <<< HTTP RESPONSE 200 {"content-type":"application/json; charset=UTF-8","vary":"X-Origin, Referer, Origin,Accept-Encoding","date":"Thu, 04 Mar 2021 14:11:55 GMT","server":"ESF","cache-control":"private","x-xss-protection":"0","x-frame-options":"SAMEORIGIN","x-content-type-options":"nosniff","alt-svc":"h3-29=\":443\"; ma=2592000,h3-T051=\":443\"; ma=2592000,h3-Q050=\":443\"; ma=2592000,h3-Q046=\":443\"; ma=2592000,h3-Q043=\":443\"; ma=2592000,quic=\":443\"; ma=2592000; v=\"46,43\"","accept-ranges":"none","transfer-encoding":"chunked"}
[debug] [2021-03-04T14:11:55.747Z] > refreshing access token with scopes: []
[debug] [2021-03-04T14:11:55.747Z] >>> HTTP REQUEST POST https://www.googleapis.com/oauth2/v3/token  
 <request body omitted>
[debug] [2021-03-04T14:11:56.033Z] <<< HTTP RESPONSE 200 {"date":"Thu, 04 Mar 2021 14:11:55 GMT","cache-control":"no-cache, no-store, max-age=0, must-revalidate","pragma":"no-cache","expires":"Mon, 01 Jan 1990 00:00:00 GMT","content-type":"application/json; charset=utf-8","vary":"X-Origin, Referer, Origin,Accept-Encoding","server":"scaffolding on HTTPServer2","x-xss-protection":"0","x-frame-options":"SAMEORIGIN","x-content-type-options":"nosniff","alt-svc":"h3-29=\":443\"; ma=2592000,h3-T051=\":443\"; ma=2592000,h3-Q050=\":443\"; ma=2592000,h3-Q046=\":443\"; ma=2592000,h3-Q043=\":443\"; ma=2592000,quic=\":443\"; ma=2592000; v=\"46,43\"","accept-ranges":"none","transfer-encoding":"chunked"}
[debug] [2021-03-04T14:11:56.048Z] >>> [apiv2][query] GET https://cloudfunctions.googleapis.com/v1/operations/dm9pY2Vib29rLWYyZDg4L3VzLWNlbnRyYWwxL3N0b2NrcGFnZS81S2FRVkxuWG1XMA [none]
[debug] [2021-03-04T14:11:56.975Z] <<< [apiv2][status] GET https://cloudfunctions.googleapis.com/v1/operations/dm9pY2Vib29rLWYyZDg4L3VzLWNlbnRyYWwxL3N0b2NrcGFnZS81S2FRVkxuWG1XMA 200
[debug] [2021-03-04T14:11:56.975Z] <<< [apiv2][body] GET https://cloudfunctions.googleapis.com/v1/operations/dm9pY2Vib29rLWYyZDg4L3VzLWNlbnRyYWwxL3N0b2NrcGFnZS81S2FRVkxuWG1XMA {"name":"operations/dm9pY2Vib29rLWYyZDg4L3VzLWNlbnRyYWwxL3N0b2NrcGFnZS81S2FRVkxuWG1XMA","metadata":{"@type":"type.googleapis.com/google.cloud.functions.v1.OperationMetadataV1","target":"projects/voicebook-f2d88/locations/us-central1/functions/stockpage","type":"UPDATE_FUNCTION","request":{"@type":"type.googleapis.com/google.cloud.functions.v1.CloudFunction","name":"projects/voicebook-f2d88/locations/us-central1/functions/stockpage","httpsTrigger":{},"status":"ACTIVE","entryPoint":"stockpage","timeout":"60s","availableMemoryMb":256,"serviceAccountEmail":"voicebook-f2d88@appspot.gserviceaccount.com","updateTime":"2021-03-04T14:09:34.975Z","versionId":"18","labels":{"deployment-tool":"cli-firebase"},"sourceUploadUrl":"https://storage.googleapis.com/gcf-upload-us-central1-23a22fc9-a256-477b-b3b9-33ec7c324e6c/f5d63753-b2f5-4d60-a772-2aa686ee5443.zip?GoogleAccessId=service-181792781673@gcf-admin-robot.iam.gserviceaccount.com&Expires=1614868906&Signature=UHrfFvnJ2rI44rYPxteeYjYvUb4HT%2BI7K417aTN6OcUF8gk%2FiiUEmVE0BuQZC%2FgbPK93dA3zJR3QQ3UGa9h8paNYOwF0AqtTMfRu%2BT0nrm86BImTGVo39%2FQayxug9XPno93VxGk9TcO8A8DAxZIyd9tFVH0SNSA3TpmjIdjJ%2FylNmMV976UUKaQxVMZpuGDKh%2FQdR3C8yealD%2FSI%2F6mQrlcaaxH64G2O4UMQGIUl%2FTLvAov7sScpiOhv4MPTC7HcvcFgTSmLdBThL1UJi0RPG6u9SM5l%2Bkpqk1OdYQR6NC6zFVbc2zlAjIWBqvk%2B0RZroiunSEgRTxMcfzQ7dblwzw%3D%3D","environmentVariables":{"FIREBASE_CONFIG":"{\"projectId\":\"voicebook-f2d88\",\"databaseURL\":\"https://voicebook-f2d88-default-rtdb.firebaseio.com\",\"storageBucket\":\"voicebook-f2d88.appspot.com\",\"locationId\":\"us-central\"}"},"runtime":"nodejs12","ingressSettings":"ALLOW_ALL","buildId":"873355a1-c9d5-424d-b3e9-0e0c3f080cdb"},"versionId":"19","updateTime":"2021-03-04T14:11:55Z","buildId":"9a4d6305-be67-47d4-a424-f514c7f28d10"}}
[debug] [2021-03-04T14:11:57.480Z] [update-projects/voicebook-f2d88/locations/us-central1/functions/stockpage] Retrying task index 0
[debug] [2021-03-04T14:11:57.481Z] >>> [apiv2][query] GET https://cloudfunctions.googleapis.com/v1/operations/dm9pY2Vib29rLWYyZDg4L3VzLWNlbnRyYWwxL3N0b2NrcGFnZS81S2FRVkxuWG1XMA [none]
[debug] [2021-03-04T14:11:57.998Z] <<< [apiv2][status] GET https://cloudfunctions.googleapis.com/v1/operations/dm9pY2Vib29rLWYyZDg4L3VzLWNlbnRyYWwxL3N0b2NrcGFnZS81S2FRVkxuWG1XMA 200
[debug] [2021-03-04T14:11:57.998Z] <<< [apiv2][body] GET https://cloudfunctions.googleapis.com/v1/operations/dm9pY2Vib29rLWYyZDg4L3VzLWNlbnRyYWwxL3N0b2NrcGFnZS81S2FRVkxuWG1XMA {"name":"operations/dm9pY2Vib29rLWYyZDg4L3VzLWNlbnRyYWwxL3N0b2NrcGFnZS81S2FRVkxuWG1XMA","metadata":{"@type":"type.googleapis.com/google.cloud.functions.v1.OperationMetadataV1","target":"projects/voicebook-f2d88/locations/us-central1/functions/stockpage","type":"UPDATE_FUNCTION","request":{"@type":"type.googleapis.com/google.cloud.functions.v1.CloudFunction","name":"projects/voicebook-f2d88/locations/us-central1/functions/stockpage","httpsTrigger":{},"status":"ACTIVE","entryPoint":"stockpage","timeout":"60s","availableMemoryMb":256,"serviceAccountEmail":"voicebook-f2d88@appspot.gserviceaccount.com","updateTime":"2021-03-04T14:09:34.975Z","versionId":"18","labels":{"deployment-tool":"cli-firebase"},"sourceUploadUrl":"https://storage.googleapis.com/gcf-upload-us-central1-23a22fc9-a256-477b-b3b9-33ec7c324e6c/f5d63753-b2f5-4d60-a772-2aa686ee5443.zip?GoogleAccessId=service-181792781673@gcf-admin-robot.iam.gserviceaccount.com&Expires=1614868906&Signature=UHrfFvnJ2rI44rYPxteeYjYvUb4HT%2BI7K417aTN6OcUF8gk%2FiiUEmVE0BuQZC%2FgbPK93dA3zJR3QQ3UGa9h8paNYOwF0AqtTMfRu%2BT0nrm86BImTGVo39%2FQayxug9XPno93VxGk9TcO8A8DAxZIyd9tFVH0SNSA3TpmjIdjJ%2FylNmMV976UUKaQxVMZpuGDKh%2FQdR3C8yealD%2FSI%2F6mQrlcaaxH64G2O4UMQGIUl%2FTLvAov7sScpiOhv4MPTC7HcvcFgTSmLdBThL1UJi0RPG6u9SM5l%2Bkpqk1OdYQR6NC6zFVbc2zlAjIWBqvk%2B0RZroiunSEgRTxMcfzQ7dblwzw%3D%3D","environmentVariables":{"FIREBASE_CONFIG":"{\"projectId\":\"voicebook-f2d88\",\"databaseURL\":\"https://voicebook-f2d88-default-rtdb.firebaseio.com\",\"storageBucket\":\"voicebook-f2d88.appspot.com\",\"locationId\":\"us-central\"}"},"runtime":"nodejs12","ingressSettings":"ALLOW_ALL","buildId":"873355a1-c9d5-424d-b3e9-0e0c3f080cdb"},"versionId":"19","updateTime":"2021-03-04T14:11:55Z","buildId":"9a4d6305-be67-47d4-a424-f514c7f28d10"}}
[debug] [2021-03-04T14:11:59.002Z] [update-projects/voicebook-f2d88/locations/us-central1/functions/stockpage] Retrying task index 0
[debug] [2021-03-04T14:11:59.003Z] >>> [apiv2][query] GET https://cloudfunctions.googleapis.com/v1/operations/dm9pY2Vib29rLWYyZDg4L3VzLWNlbnRyYWwxL3N0b2NrcGFnZS81S2FRVkxuWG1XMA [none]
[debug] [2021-03-04T14:11:59.489Z] <<< [apiv2][status] GET https://cloudfunctions.googleapis.com/v1/operations/dm9pY2Vib29rLWYyZDg4L3VzLWNlbnRyYWwxL3N0b2NrcGFnZS81S2FRVkxuWG1XMA 200
[debug] [2021-03-04T14:11:59.489Z] <<< [apiv2][body] GET https://cloudfunctions.googleapis.com/v1/operations/dm9pY2Vib29rLWYyZDg4L3VzLWNlbnRyYWwxL3N0b2NrcGFnZS81S2FRVkxuWG1XMA {"name":"operations/dm9pY2Vib29rLWYyZDg4L3VzLWNlbnRyYWwxL3N0b2NrcGFnZS81S2FRVkxuWG1XMA","metadata":{"@type":"type.googleapis.com/google.cloud.functions.v1.OperationMetadataV1","target":"projects/voicebook-f2d88/locations/us-central1/functions/stockpage","type":"UPDATE_FUNCTION","request":{"@type":"type.googleapis.com/google.cloud.functions.v1.CloudFunction","name":"projects/voicebook-f2d88/locations/us-central1/functions/stockpage","httpsTrigger":{},"status":"ACTIVE","entryPoint":"stockpage","timeout":"60s","availableMemoryMb":256,"serviceAccountEmail":"voicebook-f2d88@appspot.gserviceaccount.com","updateTime":"2021-03-04T14:09:34.975Z","versionId":"18","labels":{"deployment-tool":"cli-firebase"},"sourceUploadUrl":"https://storage.googleapis.com/gcf-upload-us-central1-23a22fc9-a256-477b-b3b9-33ec7c324e6c/f5d63753-b2f5-4d60-a772-2aa686ee5443.zip?GoogleAccessId=service-181792781673@gcf-admin-robot.iam.gserviceaccount.com&Expires=1614868906&Signature=UHrfFvnJ2rI44rYPxteeYjYvUb4HT%2BI7K417aTN6OcUF8gk%2FiiUEmVE0BuQZC%2FgbPK93dA3zJR3QQ3UGa9h8paNYOwF0AqtTMfRu%2BT0nrm86BImTGVo39%2FQayxug9XPno93VxGk9TcO8A8DAxZIyd9tFVH0SNSA3TpmjIdjJ%2FylNmMV976UUKaQxVMZpuGDKh%2FQdR3C8yealD%2FSI%2F6mQrlcaaxH64G2O4UMQGIUl%2FTLvAov7sScpiOhv4MPTC7HcvcFgTSmLdBThL1UJi0RPG6u9SM5l%2Bkpqk1OdYQR6NC6zFVbc2zlAjIWBqvk%2B0RZroiunSEgRTxMcfzQ7dblwzw%3D%3D","environmentVariables":{"FIREBASE_CONFIG":"{\"projectId\":\"voicebook-f2d88\",\"databaseURL\":\"https://voicebook-f2d88-default-rtdb.firebaseio.com\",\"storageBucket\":\"voicebook-f2d88.appspot.com\",\"locationId\":\"us-central\"}"},"runtime":"nodejs12","ingressSettings":"ALLOW_ALL","buildId":"873355a1-c9d5-424d-b3e9-0e0c3f080cdb"},"versionId":"19","updateTime":"2021-03-04T14:11:55Z","buildId":"9a4d6305-be67-47d4-a424-f514c7f28d10"}}
[debug] [2021-03-04T14:12:01.493Z] [update-projects/voicebook-f2d88/locations/us-central1/functions/stockpage] Retrying task index 0
[debug] [2021-03-04T14:12:01.493Z] >>> [apiv2][query] GET https://cloudfunctions.googleapis.com/v1/operations/dm9pY2Vib29rLWYyZDg4L3VzLWNlbnRyYWwxL3N0b2NrcGFnZS81S2FRVkxuWG1XMA [none]
[debug] [2021-03-04T14:12:02.019Z] <<< [apiv2][status] GET https://cloudfunctions.googleapis.com/v1/operations/dm9pY2Vib29rLWYyZDg4L3VzLWNlbnRyYWwxL3N0b2NrcGFnZS81S2FRVkxuWG1XMA 200
[debug] [2021-03-04T14:12:02.019Z] <<< [apiv2][body] GET https://cloudfunctions.googleapis.com/v1/operations/dm9pY2Vib29rLWYyZDg4L3VzLWNlbnRyYWwxL3N0b2NrcGFnZS81S2FRVkxuWG1XMA {"name":"operations/dm9pY2Vib29rLWYyZDg4L3VzLWNlbnRyYWwxL3N0b2NrcGFnZS81S2FRVkxuWG1XMA","metadata":{"@type":"type.googleapis.com/google.cloud.functions.v1.OperationMetadataV1","target":"projects/voicebook-f2d88/locations/us-central1/functions/stockpage","type":"UPDATE_FUNCTION","request":{"@type":"type.googleapis.com/google.cloud.functions.v1.CloudFunction","name":"projects/voicebook-f2d88/locations/us-central1/functions/stockpage","httpsTrigger":{},"status":"ACTIVE","entryPoint":"stockpage","timeout":"60s","availableMemoryMb":256,"serviceAccountEmail":"voicebook-f2d88@appspot.gserviceaccount.com","updateTime":"2021-03-04T14:09:34.975Z","versionId":"18","labels":{"deployment-tool":"cli-firebase"},"sourceUploadUrl":"https://storage.googleapis.com/gcf-upload-us-central1-23a22fc9-a256-477b-b3b9-33ec7c324e6c/f5d63753-b2f5-4d60-a772-2aa686ee5443.zip?GoogleAccessId=service-181792781673@gcf-admin-robot.iam.gserviceaccount.com&Expires=1614868906&Signature=UHrfFvnJ2rI44rYPxteeYjYvUb4HT%2BI7K417aTN6OcUF8gk%2FiiUEmVE0BuQZC%2FgbPK93dA3zJR3QQ3UGa9h8paNYOwF0AqtTMfRu%2BT0nrm86BImTGVo39%2FQayxug9XPno93VxGk9TcO8A8DAxZIyd9tFVH0SNSA3TpmjIdjJ%2FylNmMV976UUKaQxVMZpuGDKh%2FQdR3C8yealD%2FSI%2F6mQrlcaaxH64G2O4UMQGIUl%2FTLvAov7sScpiOhv4MPTC7HcvcFgTSmLdBThL1UJi0RPG6u9SM5l%2Bkpqk1OdYQR6NC6zFVbc2zlAjIWBqvk%2B0RZroiunSEgRTxMcfzQ7dblwzw%3D%3D","environmentVariables":{"FIREBASE_CONFIG":"{\"projectId\":\"voicebook-f2d88\",\"databaseURL\":\"https://voicebook-f2d88-default-rtdb.firebaseio.com\",\"storageBucket\":\"voicebook-f2d88.appspot.com\",\"locationId\":\"us-central\"}"},"runtime":"nodejs12","ingressSettings":"ALLOW_ALL","buildId":"873355a1-c9d5-424d-b3e9-0e0c3f080cdb"},"versionId":"19","updateTime":"2021-03-04T14:11:55Z","buildId":"9a4d6305-be67-47d4-a424-f514c7f28d10"}}
[debug] [2021-03-04T14:12:06.024Z] [update-projects/voicebook-f2d88/locations/us-central1/functions/stockpage] Retrying task index 0
[debug] [2021-03-04T14:12:06.024Z] >>> [apiv2][query] GET https://cloudfunctions.googleapis.com/v1/operations/dm9pY2Vib29rLWYyZDg4L3VzLWNlbnRyYWwxL3N0b2NrcGFnZS81S2FRVkxuWG1XMA [none]
[debug] [2021-03-04T14:12:06.480Z] <<< [apiv2][status] GET https://cloudfunctions.googleapis.com/v1/operations/dm9pY2Vib29rLWYyZDg4L3VzLWNlbnRyYWwxL3N0b2NrcGFnZS81S2FRVkxuWG1XMA 200
[debug] [2021-03-04T14:12:06.480Z] <<< [apiv2][body] GET https://cloudfunctions.googleapis.com/v1/operations/dm9pY2Vib29rLWYyZDg4L3VzLWNlbnRyYWwxL3N0b2NrcGFnZS81S2FRVkxuWG1XMA {"name":"operations/dm9pY2Vib29rLWYyZDg4L3VzLWNlbnRyYWwxL3N0b2NrcGFnZS81S2FRVkxuWG1XMA","metadata":{"@type":"type.googleapis.com/google.cloud.functions.v1.OperationMetadataV1","target":"projects/voicebook-f2d88/locations/us-central1/functions/stockpage","type":"UPDATE_FUNCTION","request":{"@type":"type.googleapis.com/google.cloud.functions.v1.CloudFunction","name":"projects/voicebook-f2d88/locations/us-central1/functions/stockpage","httpsTrigger":{},"status":"ACTIVE","entryPoint":"stockpage","timeout":"60s","availableMemoryMb":256,"serviceAccountEmail":"voicebook-f2d88@appspot.gserviceaccount.com","updateTime":"2021-03-04T14:09:34.975Z","versionId":"18","labels":{"deployment-tool":"cli-firebase"},"sourceUploadUrl":"https://storage.googleapis.com/gcf-upload-us-central1-23a22fc9-a256-477b-b3b9-33ec7c324e6c/f5d63753-b2f5-4d60-a772-2aa686ee5443.zip?GoogleAccessId=service-181792781673@gcf-admin-robot.iam.gserviceaccount.com&Expires=1614868906&Signature=UHrfFvnJ2rI44rYPxteeYjYvUb4HT%2BI7K417aTN6OcUF8gk%2FiiUEmVE0BuQZC%2FgbPK93dA3zJR3QQ3UGa9h8paNYOwF0AqtTMfRu%2BT0nrm86BImTGVo39%2FQayxug9XPno93VxGk9TcO8A8DAxZIyd9tFVH0SNSA3TpmjIdjJ%2FylNmMV976UUKaQxVMZpuGDKh%2FQdR3C8yealD%2FSI%2F6mQrlcaaxH64G2O4UMQGIUl%2FTLvAov7sScpiOhv4MPTC7HcvcFgTSmLdBThL1UJi0RPG6u9SM5l%2Bkpqk1OdYQR6NC6zFVbc2zlAjIWBqvk%2B0RZroiunSEgRTxMcfzQ7dblwzw%3D%3D","environmentVariables":{"FIREBASE_CONFIG":"{\"projectId\":\"voicebook-f2d88\",\"databaseURL\":\"https://voicebook-f2d88-default-rtdb.firebaseio.com\",\"storageBucket\":\"voicebook-f2d88.appspot.com\",\"locationId\":\"us-central\"}"},"runtime":"nodejs12","ingressSettings":"ALLOW_ALL","buildId":"873355a1-c9d5-424d-b3e9-0e0c3f080cdb"},"versionId":"19","updateTime":"2021-03-04T14:11:55Z","buildId":"9a4d6305-be67-47d4-a424-f514c7f28d10"}}
[debug] [2021-03-04T14:12:14.484Z] [update-projects/voicebook-f2d88/locations/us-central1/functions/stockpage] Retrying task index 0
[debug] [2021-03-04T14:12:14.484Z] >>> [apiv2][query] GET https://cloudfunctions.googleapis.com/v1/operations/dm9pY2Vib29rLWYyZDg4L3VzLWNlbnRyYWwxL3N0b2NrcGFnZS81S2FRVkxuWG1XMA [none]
[debug] [2021-03-04T14:12:14.998Z] <<< [apiv2][status] GET https://cloudfunctions.googleapis.com/v1/operations/dm9pY2Vib29rLWYyZDg4L3VzLWNlbnRyYWwxL3N0b2NrcGFnZS81S2FRVkxuWG1XMA 200
[debug] [2021-03-04T14:12:14.998Z] <<< [apiv2][body] GET https://cloudfunctions.googleapis.com/v1/operations/dm9pY2Vib29rLWYyZDg4L3VzLWNlbnRyYWwxL3N0b2NrcGFnZS81S2FRVkxuWG1XMA {"name":"operations/dm9pY2Vib29rLWYyZDg4L3VzLWNlbnRyYWwxL3N0b2NrcGFnZS81S2FRVkxuWG1XMA","metadata":{"@type":"type.googleapis.com/google.cloud.functions.v1.OperationMetadataV1","target":"projects/voicebook-f2d88/locations/us-central1/functions/stockpage","type":"UPDATE_FUNCTION","request":{"@type":"type.googleapis.com/google.cloud.functions.v1.CloudFunction","name":"projects/voicebook-f2d88/locations/us-central1/functions/stockpage","httpsTrigger":{},"status":"ACTIVE","entryPoint":"stockpage","timeout":"60s","availableMemoryMb":256,"serviceAccountEmail":"voicebook-f2d88@appspot.gserviceaccount.com","updateTime":"2021-03-04T14:09:34.975Z","versionId":"18","labels":{"deployment-tool":"cli-firebase"},"sourceUploadUrl":"https://storage.googleapis.com/gcf-upload-us-central1-23a22fc9-a256-477b-b3b9-33ec7c324e6c/f5d63753-b2f5-4d60-a772-2aa686ee5443.zip?GoogleAccessId=service-181792781673@gcf-admin-robot.iam.gserviceaccount.com&Expires=1614868906&Signature=UHrfFvnJ2rI44rYPxteeYjYvUb4HT%2BI7K417aTN6OcUF8gk%2FiiUEmVE0BuQZC%2FgbPK93dA3zJR3QQ3UGa9h8paNYOwF0AqtTMfRu%2BT0nrm86BImTGVo39%2FQayxug9XPno93VxGk9TcO8A8DAxZIyd9tFVH0SNSA3TpmjIdjJ%2FylNmMV976UUKaQxVMZpuGDKh%2FQdR3C8yealD%2FSI%2F6mQrlcaaxH64G2O4UMQGIUl%2FTLvAov7sScpiOhv4MPTC7HcvcFgTSmLdBThL1UJi0RPG6u9SM5l%2Bkpqk1OdYQR6NC6zFVbc2zlAjIWBqvk%2B0RZroiunSEgRTxMcfzQ7dblwzw%3D%3D","environmentVariables":{"FIREBASE_CONFIG":"{\"projectId\":\"voicebook-f2d88\",\"databaseURL\":\"https://voicebook-f2d88-default-rtdb.firebaseio.com\",\"storageBucket\":\"voicebook-f2d88.appspot.com\",\"locationId\":\"us-central\"}"},"runtime":"nodejs12","ingressSettings":"ALLOW_ALL","buildId":"873355a1-c9d5-424d-b3e9-0e0c3f080cdb"},"versionId":"19","updateTime":"2021-03-04T14:11:55Z","buildId":"9a4d6305-be67-47d4-a424-f514c7f28d10"}}
[debug] [2021-03-04T14:12:31.004Z] [update-projects/voicebook-f2d88/locations/us-central1/functions/stockpage] Retrying task index 0
[debug] [2021-03-04T14:12:31.004Z] >>> [apiv2][query] GET https://cloudfunctions.googleapis.com/v1/operations/dm9pY2Vib29rLWYyZDg4L3VzLWNlbnRyYWwxL3N0b2NrcGFnZS81S2FRVkxuWG1XMA [none]
[debug] [2021-03-04T14:12:31.470Z] <<< [apiv2][status] GET https://cloudfunctions.googleapis.com/v1/operations/dm9pY2Vib29rLWYyZDg4L3VzLWNlbnRyYWwxL3N0b2NrcGFnZS81S2FRVkxuWG1XMA 200
[debug] [2021-03-04T14:12:31.471Z] <<< [apiv2][body] GET https://cloudfunctions.googleapis.com/v1/operations/dm9pY2Vib29rLWYyZDg4L3VzLWNlbnRyYWwxL3N0b2NrcGFnZS81S2FRVkxuWG1XMA {"name":"operations/dm9pY2Vib29rLWYyZDg4L3VzLWNlbnRyYWwxL3N0b2NrcGFnZS81S2FRVkxuWG1XMA","metadata":{"@type":"type.googleapis.com/google.cloud.functions.v1.OperationMetadataV1","target":"projects/voicebook-f2d88/locations/us-central1/functions/stockpage","type":"UPDATE_FUNCTION","request":{"@type":"type.googleapis.com/google.cloud.functions.v1.CloudFunction","name":"projects/voicebook-f2d88/locations/us-central1/functions/stockpage","httpsTrigger":{},"status":"ACTIVE","entryPoint":"stockpage","timeout":"60s","availableMemoryMb":256,"serviceAccountEmail":"voicebook-f2d88@appspot.gserviceaccount.com","updateTime":"2021-03-04T14:09:34.975Z","versionId":"18","labels":{"deployment-tool":"cli-firebase"},"sourceUploadUrl":"https://storage.googleapis.com/gcf-upload-us-central1-23a22fc9-a256-477b-b3b9-33ec7c324e6c/f5d63753-b2f5-4d60-a772-2aa686ee5443.zip?GoogleAccessId=service-181792781673@gcf-admin-robot.iam.gserviceaccount.com&Expires=1614868906&Signature=UHrfFvnJ2rI44rYPxteeYjYvUb4HT%2BI7K417aTN6OcUF8gk%2FiiUEmVE0BuQZC%2FgbPK93dA3zJR3QQ3UGa9h8paNYOwF0AqtTMfRu%2BT0nrm86BImTGVo39%2FQayxug9XPno93VxGk9TcO8A8DAxZIyd9tFVH0SNSA3TpmjIdjJ%2FylNmMV976UUKaQxVMZpuGDKh%2FQdR3C8yealD%2FSI%2F6mQrlcaaxH64G2O4UMQGIUl%2FTLvAov7sScpiOhv4MPTC7HcvcFgTSmLdBThL1UJi0RPG6u9SM5l%2Bkpqk1OdYQR6NC6zFVbc2zlAjIWBqvk%2B0RZroiunSEgRTxMcfzQ7dblwzw%3D%3D","environmentVariables":{"FIREBASE_CONFIG":"{\"projectId\":\"voicebook-f2d88\",\"databaseURL\":\"https://voicebook-f2d88-default-rtdb.firebaseio.com\",\"storageBucket\":\"voicebook-f2d88.appspot.com\",\"locationId\":\"us-central\"}"},"runtime":"nodejs12","ingressSettings":"ALLOW_ALL","buildId":"873355a1-c9d5-424d-b3e9-0e0c3f080cdb"},"versionId":"19","updateTime":"2021-03-04T14:11:55Z","buildId":"9a4d6305-be67-47d4-a424-f514c7f28d10"}}
[debug] [2021-03-04T14:13:03.474Z] [update-projects/voicebook-f2d88/locations/us-central1/functions/stockpage] Retrying task index 0
[debug] [2021-03-04T14:13:03.475Z] >>> [apiv2][query] GET https://cloudfunctions.googleapis.com/v1/operations/dm9pY2Vib29rLWYyZDg4L3VzLWNlbnRyYWwxL3N0b2NrcGFnZS81S2FRVkxuWG1XMA [none]
[debug] [2021-03-04T14:13:04.353Z] <<< [apiv2][status] GET https://cloudfunctions.googleapis.com/v1/operations/dm9pY2Vib29rLWYyZDg4L3VzLWNlbnRyYWwxL3N0b2NrcGFnZS81S2FRVkxuWG1XMA 200
[debug] [2021-03-04T14:13:04.353Z] <<< [apiv2][body] GET https://cloudfunctions.googleapis.com/v1/operations/dm9pY2Vib29rLWYyZDg4L3VzLWNlbnRyYWwxL3N0b2NrcGFnZS81S2FRVkxuWG1XMA {"name":"operations/dm9pY2Vib29rLWYyZDg4L3VzLWNlbnRyYWwxL3N0b2NrcGFnZS81S2FRVkxuWG1XMA","metadata":{"@type":"type.googleapis.com/google.cloud.functions.v1.OperationMetadataV1","target":"projects/voicebook-f2d88/locations/us-central1/functions/stockpage","type":"UPDATE_FUNCTION","request":{"@type":"type.googleapis.com/google.cloud.functions.v1.CloudFunction","name":"projects/voicebook-f2d88/locations/us-central1/functions/stockpage","httpsTrigger":{},"status":"ACTIVE","entryPoint":"stockpage","timeout":"60s","availableMemoryMb":256,"serviceAccountEmail":"voicebook-f2d88@appspot.gserviceaccount.com","updateTime":"2021-03-04T14:09:34.975Z","versionId":"18","labels":{"deployment-tool":"cli-firebase"},"sourceUploadUrl":"https://storage.googleapis.com/gcf-upload-us-central1-23a22fc9-a256-477b-b3b9-33ec7c324e6c/f5d63753-b2f5-4d60-a772-2aa686ee5443.zip?GoogleAccessId=service-181792781673@gcf-admin-robot.iam.gserviceaccount.com&Expires=1614868906&Signature=UHrfFvnJ2rI44rYPxteeYjYvUb4HT%2BI7K417aTN6OcUF8gk%2FiiUEmVE0BuQZC%2FgbPK93dA3zJR3QQ3UGa9h8paNYOwF0AqtTMfRu%2BT0nrm86BImTGVo39%2FQayxug9XPno93VxGk9TcO8A8DAxZIyd9tFVH0SNSA3TpmjIdjJ%2FylNmMV976UUKaQxVMZpuGDKh%2FQdR3C8yealD%2FSI%2F6mQrlcaaxH64G2O4UMQGIUl%2FTLvAov7sScpiOhv4MPTC7HcvcFgTSmLdBThL1UJi0RPG6u9SM5l%2Bkpqk1OdYQR6NC6zFVbc2zlAjIWBqvk%2B0RZroiunSEgRTxMcfzQ7dblwzw%3D%3D","environmentVariables":{"FIREBASE_CONFIG":"{\"projectId\":\"voicebook-f2d88\",\"databaseURL\":\"https://voicebook-f2d88-default-rtdb.firebaseio.com\",\"storageBucket\":\"voicebook-f2d88.appspot.com\",\"locationId\":\"us-central\"}"},"runtime":"nodejs12","ingressSettings":"ALLOW_ALL","buildId":"873355a1-c9d5-424d-b3e9-0e0c3f080cdb"},"versionId":"19","updateTime":"2021-03-04T14:11:55Z","buildId":"9a4d6305-be67-47d4-a424-f514c7f28d10","sourceToken":"c7feac28-fb11-4275-b3e6-3d87e00dfcdc"}}
[debug] [2021-03-04T14:13:04.353Z] Got sourceToken c7feac28-fb11-4275-b3e6-3d87e00dfcdc for region us-central1
